<?xml version="1.0" encoding="UTF-8"?>
<testng-results skipped="0" failed="0" total="1" passed="1">
  <reporter-output>
  </reporter-output>
  <suite name="Default suite" duration-ms="10084" started-at="2016-06-14T18:43:26Z" finished-at="2016-06-14T18:43:36Z">
    <groups>
    </groups>
    <test name="Default test" duration-ms="10084" started-at="2016-06-14T18:43:26Z" finished-at="2016-06-14T18:43:36Z">
      <class name="com.markelcorp.moltest.NewTest">
        <test-method status="PASS" signature="beforeTest()[pri:0, instance:com.markelcorp.moltest.NewTest@7c16905e]" name="beforeTest" is-config="true" duration-ms="9593" started-at="2016-06-15T00:13:26Z" finished-at="2016-06-15T00:13:35Z">
          <reporter-output>
          </reporter-output>
        </test-method> <!-- beforeTest -->
        <test-method status="PASS" signature="f()[pri:0, instance:com.markelcorp.moltest.NewTest@7c16905e]" name="f" duration-ms="474" started-at="2016-06-15T00:13:35Z" finished-at="2016-06-15T00:13:36Z">
          <reporter-output>
          </reporter-output>
        </test-method> <!-- f -->
      </class> <!-- com.markelcorp.moltest.NewTest -->
    </test> <!-- Default test -->
  </suite> <!-- Default suite -->
</testng-results>
